An Nc
Am Am Nc
Am Nc Cp Af Nc Punct
Am Nc R Nc Punct Nc Cp Nc Punct
Nc Punct
Nc R Nc Punct
Nc R Nc Punct
Cp Pn Nc R Nc Punct
Cp Pn Nc Dl Punct
Cp Pn Nc Cp Nc R Af Nc Cp R An Nc Punct
Vni Nc Punct Pr Vxi Vpi Tx Vpp Punct
Vni Nc Punct Pr Vxi Vpi Tx Vpp Punct
Dd Vpi A Nc Punct R Pr Tn Vpi Tx Vpi Pn Punct
Cs Vpp Nc Dl Punct Tx Vpp Nc Punct
Cs Vpp Nc Dl Punct Tx Vpp Nc Punct
Cs Nc R Nc Punct Tx Pp R Nc R Nc R R Punct R Nc Punct R Nc Punct Te R Nc R Nc Punct Pr Pp Vpp Nc Punct
Vpi Dd Pf Punct Pp Punct
Pi Punct
Pc Nc Vni Nc Punct
Pd Vxi Vpp R Nc Punct Pp Vxi Am Nc Cp Vni Tx Vpp Nc R Ps Nc Punct
Nc Pp R Nc Punct Np Punct Np Cp A Nc Punct
Am Nc Vxi Nc Punct
Cc Nc Tn Vpi Tx Vxi Pc Punct
Nc Vni Tx Vyp Vpp Punct Tx Vyp Af Punct
Dq Vpi R Af Nc Cp Vpi Nc R Nc Punct
Vni Nc Cp Vni Nc Punct R Pr Tx Vpi Nc Ps Punct
Pn Punct R Pf An Nc R Nc Punct
Cp Mc Nc R Pc Nc Vni Nc Punct
Nc Vpp Dm Cp A Nc R Af Nc Punct
Am Nc Punct Np Punct Np Punct Nc Punct Nc Cp Nc R Nc Punct
Nc Tn Vxi Vpp Nc Punct
Am Nc Punct Cp Vpi Dt Tx Vpp R Nc Cp Nc Punct
Vni Tx Vpp Nc Nc Punct Tx Vpp Pc A A Nc Punct
Cp Cs Pp Vpp Punct Tx Pp Vpp R Dq Nc A Punct R Dq Nc A Punct
Nc Ps Af Nc Punct
Ta Vpp Cp A Nc R Af Nc Punct Tx Vpp Pc Ps Nc Punct Cc Tx Vni Tx Pp Vpi Dt Cp Dt Punct
Ta Vpp Nc R Nc Punct Cs Vpp Nc Ps Punct
Cp Tx Vpi A A Nc R An An Punct
Tx Pp Vpp R Af Nc Cp Tx Pp Vpp R An Nc Punct
Dq Pd Nc Pp Tx Vni Tx Pp Vpp R Nc Cp Nc Punct
Cc R Nc Vni Tx Vpp R Nc Ps Nc Punct
Nc Vxi Punct
Nc Vni Tx Vpp Punct
Vpp Dl Punct Pp Vpp Nc R Nc Cp Vpp Punct
Punct Ta Vyp Nc Punct
Cp A Nc Punct
Mc Nc Tx Vpp Np R Nc Mo Nc Punct Pr Nc Tx Vyp Vpp Punct
Pd Vpi Nc R A Nc Punct Vpp R Nc Dt Punct
Am Am Nc Te Tx Vpp Nc R Nc Cp Nc Punct
Am Nc Vpi Tx Vpi Cp Nc Punct
Nc Vpi Nc R Nc
R Nc R Nc Cp Np Pp Vpi Tx Vpi R Nc R Nc R Nc R A A Nc Punct
R Nc Nc R Nc R Punct Nc Punct Vpi Nc Punct
Pp Dd Vni Nc Tx Vpi R Nc Ps Nc Cp R Pd Pp Vpp Np Punct
Hm Te Vpi Nc Tx Vxi Dq R Ps Nc Punct
Cp Nc Punct Cp Nc Tx Vpi Nc R A Nc Vpi Am Am Nc Dt Punct
Nc Vpi R Mc R Mc Nc R Np
Nc Ps Am Nc Vpp R Mc R Mc Nc R Np R Nc Ps A Nc Punct
Am Am Nc Punct Np Punct Np Cp Nc Punct
R Nc Tn Vxi Dq R A Nc R Af Nc Punct
Nc Vxi R Nc Punct Cs Vpi Am Nc Cp Vpi Tx Vpp Pc Nc Punct Pr Vxi Vpp Punct Vpp R Punct Np Punct Vpp R Nc Np Punct
Punct Vpi Pf Nc R Nc R Nc Punct
Np Pp Vpp R Nc R Np
Am Nc Np Vpp Am R Nc R Nc R Nc Punct Vpp R Mc R Mc R Ps Punct
Punct Vpi Nc Punct Punct
Punct R Nc Vni Af Nc R Cs Pp Vpp R Pc Nc Tx Vpi Dd R Mc Punct
Nc Vxi R Nc R Punct Np Punct Am Nc Cp Hm Punct
R Nc Pp Vpi Nc Punct Cs Tn Vxi Vpp R Punct Np Punct Punct
Vpi Punct Cs Pp Vpp Punct Cs Pp Vpp R Nc Punct
Vpi Punct Cs Nc R Nc R Nc R Af Nc Cp Nc
Punct Vpp Nc Punct
Nc Punct Pr Vpp Mo Ps Nc R Np Punct Vxi Vpp Punct
Nc Vxi R Nc Punct Cc Tn Vpi Dm Punct Cs Vxi Vpp Punct
R Pp Vni Nc Pi Pp Vpp R Nc Punct
An Vxi Tx Vpi Punct Pd Am Nc Punct
R Np Vpp Punct Cs Vpi Nc R Nc R Np R Mc Nc Punct Cc Dq Vni Pn An Punct
Dm Np Pp Vpp R Mc Nc R Af Nc R Np Cp Dt Vxi Vpp Punct
Hm Vpi R Np Nc R Nc
Nc Tx Vpp R Am Nc Tx Vpp R Af Nc R An Nc R Nc Ps Punct
Nc Vxi Tx Tn Pp Vpp Nc Ps R A Punct Vpp R Pp Vpp Nc Punct
Pd Vpp Nc Hm R Af Nc R Mo Nc R Nc R Af Nc R Af Nc Punct Np Punct Punct Pr Pp Vpp R Np Dt Punct
Np Vpi Cp R Nc R Am Nc Punct Vpp R Nc R Np R Nc Punct
R Pp Pc Nc Nc Pp Vpi Nc Dd Ps Nc Punct Vpp Dq Hm Punct
Nc R Np R Np Vxi Np Punct Np Punct Np Punct Np Punct Np Cp Np Punct
Nc R Nc Vpp Nc Mc R Nc
Nc R Nc R Np Vpp R Mc Nc Dt Punct Cs Vpp Nc R Nc Mc R Nc Punct Vpp Nc Punct Punct Vpp Np Punct
Vpi Pp Nc R Nc R A Nc Tx Vpp R Nc Cp R Pp Punct Vpi Ps Nc Punct
Nc R Nc Vxi Vpp R Nc R A Nc R Af Af Nc Punct Pr Vpi Punct Cs Nc R Nc R Np Vxi Vpp R Af Nc Punct
Nc R Nc Cp Nc R Nc Vxi Pp Vpp Dq Punct Cc Nc Pp Vpp R Nc R Nc Punct Cs Pd Cp Af Nc R Np Pp Vpi A R Af Nc Punct
Nc R Nc R Np Hm Vpp Dt Punct Cs Vni Nc R Nc R Nc Cp Cs R Nc Vxi Vpp Md A Nc Punct
R Pp A Nc R R Nc Nc R Nc Vxi Dq A Cp Np Vxi Vpp Pp Tx Vpp R Af Nc Punct
Tn Vxi Af Nc Cp Tn Vpi A Nc Punct Vpp Nc Np Hm R Nc Ps Nc R Nc R Np Punct
Nc R Ps Nc R A Nc Vxi Tx Vpi Nc R Pp R Vpi Af Nc Punct
Nc R Nc Vxi Af R Pd Tx Vxi Vpp Punct Np Cp Nc R A Nc R Nc Ps Tx Vpi A Nc Punct
Dt Tx Vpi R Np Punct Hm Pp Vpp Cp R Np Punct Am Nc Cp Np Punct
Am Nc Vni Tx Vpp Am Nc R Nc Punct
R Pd Nc Pp Vpp Np Punct Nc Cp Nc Hm Punct
Nc Dd Vxi Vpp R Nc Punct
Nc Dd Vpi Nc R Nc Punct Pr Vni Nc R Nc Punct Vpp Dq Hm Punct
Am Nc Tx Vpi Hm
Nc R Nc Pp Vpp Punct Cs Vxi Nc
Nc Punct Pi Vxi Vxi Nc R Af Af Nc Punct Vpp R Nc Dt Punct
Pd Am Nc R Nc R Nc Np Tx Vpp Nc Nc R An Nc Punct
Mo Mc R Nc R Nc Pp Tv Vpp Punct Cs Tn Vxi Vxi Vpp Punct R Tx Vpp Punct Np Hm Punct
Pd Vxi Np Punct Np Punct Vpp Nc Punct Np Cp Np Punct
Nc R Hm Cp Nc R Nc R Np Vxi Vpp R Am Am Nc Np R Mc Nc R Nc R Nc R Nc Punct
Pd Nc R Af Af Nc R Nc R Vpp Nc Punct Pr Nc Tn Vxi Vpp Punct
Pd Nc R Hm Dm Vpp Punct
Nc Pp Vpp R Nc Tx Vpp Nc R Hm R An Nc Cp Nc Punct
R Nc R Np Hm Vpp Nc R Nc Punct
Np Vpp Nc Punct
Vpp Pp Punct Cs Mc Nc R Np Punct Vpi Punct R Nc Punct Pr Pp Vpp R Np Hm Punct

Cs Pp Vpi Punct Cs Pp Vni Tx Pp Vpp R Pp Punct Md Pp Vpp Punct Vpp Hm R Nc R Punct Np Punct Mc Punct Pr Pp Vpp Pi Pp Vxi Nc Punct
Nc Vpp Nc R Hm Punct Cs Vpp Nc R Nc Punct Vxi Vpp R A Nc Punct Cp Nc Ps R Nc R Nc R Nc Vxi Vpp Punct
R Nc R Nc Np Pp Vpp Punct Cs Mc Nc R Nc Vpi A Nc Cp Vpi Tx Pp Vpi Pi Pi Vxi Vpi Punct
Am Nc R Nc
Nc R Nc R Punct Np Punct Np Vxi Vpp R Nc R Nc R Np Punct Vpp Am Nc Vpp Dt Punct
Am Nc Vxi Vpp A Nc R Am Nc Punct
Vpi Dd Tn Vpi Tx Pp Vpp Punct Cs Nc R Nc Vxi R Nc Punct Cs Pp Vpi Nc R Nc R Nc Punct
Vpp Nc Vpi Nc Vpp Nc Ps R Nc Punct Cs Vxi Vpp Af Nc Punct
Dt Dd Vpi Nc Vpp Nc R Nc Punct
R Pf Nc Punct Np Punct Vpp Mc Nc A Nc R Af Nc Punct
Np Pp Vpp R Nc
Np Vpp R Nc R Nc Punct Vpp Pp R Nc Nc Cp Vpp Dm Mc Punct Vpp R Nc Punct
R Nc Nc Punct Vpp R Af Nc Punct Pp Vpp R Nc Punct
Nc Nc R Nc Cp Nc R Nc Punct
Pd Dd Vxi Vpp Tx Vpp Mc Nc Punct Pr Vpi Nc R Af Nc Punct
Mc Nc Cp Nc Vxi R Af Nc Cp A Nc Punct
R Nc Vxi Vpp Am Nc Vpi R Nc Punct
Vpp Pp Vpi Dd R Nc Punct
Hm Tx Tn Pp Vpp R Nc R Np
Am Nc Nc R Np Hm Vpp Dt Punct
Cs Nc R Nc R Nc Vpi A A Nc R Nc Hm Punct Pd Am Nc R A Nc Cp Nc R An Nc Punct Nc Ps R Nc Vpi Ti Punct Vpi Punct
Cs Nc R A Nc Vxi Vpp Nc R A Ps Nc Punct Dt Vxi Af Nc Punct

Dq Dm Vxi Dd Punct Pr Vpi Pp Vpp R Nc Punct Cs Tn Vpi Pn Nc Punct
Pi Pd Pp Vpp R Nc Tx Vpp Am Nc Punct
Dt Punct Dd Vxi Vpi Tx Vpp Nc R Nc Ps Punct Vpp Am Nc Punct
Dt Punct Tm Te Tx Vxi Vxi Vpp R Nc R Nc Punct
Pd Nc Tn Vxi Vpp R Hm Punct
Mo Cp An Punct Np Tn Pp Vxi Vpp R Nc R Nc R Np Punct
Ti Np Vpi A Nc Cp An Nc R Nc Punct
Am Nc
Nc Ps Nc Punct Vpi Ti Nc Punct
Nc Punct Mc Nc Punct Punct Nc Punct Np Punct
Punct Vpp Pp Tx Pp Vpi Dq Nc Cp Tx Tn Pp Vpi Md R Nc Ps Punct
Am Nc Punct Mc Nc Punct Punct Np Punct Np Punct
Punct Np Punct
Cc Pr Nc Vpp Punct Tx Pp Vpp Dq Punct
Pd Dt Vpi R Nc R Pc Punct
Nc Punct Mc Nc Punct Punct Nc Punct Np Punct
Punct Vpp Pp Dd R Nc R Af Nc Punct
Nc Pp R Mc Nc Tx Vpp Punct Cs Pp Vpp Punct Cp R Pd Vpi A Nc Punct
Nc Punct Mc Nc Punct Punct Nc Punct Np Punct
Cc Cs Vpp Nc Punct Vxi Vpp Punct
Vpi Punct Cs Pd Nc Tx Pp Vpp Tx Pp Vpi Pi Tx Vpp Nc Punct
Am Nc Punct Vpp Nc Punct Punct Nc Punct Np Punct
Punct Ta Punct Np Punct
Cc Nc Punct Cs Vpp Nc R Nc Punct Vxi Md Am Punct Cs Pd Vpi Nc R Ps Nc Punct
Nc Punct Mc Nc Punct Punct Nc Punct Np Punct
Punct Tn Punct
Cc Cs Vpp Pd Nc Punct Vxi Vpp Punct
Cs Pp Vpi Dd R Af Nc Punct Vxi Vpp Tx Vpp Dt Punct
Nc Punct Mc Nc Punct Punct Nc Punct Np Punct
Punct Vpp Pp Punct Cc R Nc R Mc Nc Tn Vpi Md Punct
Vpi Pp Dd Tx Vni Nc R Pd R Af Nc Punct
Nc Punct Mc Nc Punct Punct Nc Punct Np Punct
Punct Ta Punct Np Punct
Vpi Tx Tn Vpi Md Nc Punct Cs Tn Vpi Md Punct
Np Hm Punct Mc Nc Punct Punct Nc Punct Np Punct
Punct Vpi Pp Punct
Am Nc Dd Vxi Vpp Nc Ps Nc R Nc Punct Cs Dm Tx Vxi R Nc Ti Vpi Nc Cp Tn Punct
Nc Punct Mc Nc Punct Punct Nc Punct Np Punct
Punct R Nc Tn Vpi Md Nc Punct
R Af Nc Tn Vxi Vpp Punct Cc Tn Vxi Vpp R Pd Pf Punct
Np
Nc R Af Nc Np
R Af Nc Vpi Nc Punct Np Cp An Nc R Nc Punct
Pd Pp Vpi R Af Nc R Am Nc R Nc R Mo Nc Punct Vpp R Np Punct
R Nc Af Nc Vpp Nc R Mc Nc Punct R Pr Pp Vpi Nc R Nc R Af Nc R Nc Punct Pr Vni Tx Vpp R Nc R Mo Nc Punct
Af Nc R Pd Nc Vpi Dd R Nc Punct Vpi Nc R Nc Punct
Hm Vpp R Mc Nc R Np
Nc Np Vpi R Nc R Nc Np R Mc Nc R Nc Np Punct
Pd Vpp Am Nc Nc R Nc R An An Nc R An Nc R Nc R Nc Vpi Nc Punct
Nc Vpp Nc R Mc Nc R Nc Dt R Mc Nc Punct Pr Vpi R Af Nc R Nc Punct Tx Vpp Pi Tn Vxi Vpp Am Nc Punct Pr Vpp R Nc R Nc Punct
Vpi Tx Vpp Nc Vpi Pi Nc Cp Nc Vxi Vpp Pd Nc Tx Vpp Punct Cs Tx Vpp Nc R Nc R Nc R Nc
Punct Vpp Am Nc Punct
Am Nc R Np Tx Vyp A R Nc Cp R Nc Punct Vpp R Nc Punct
Nc R Pp Vpi R Mc Nc R Nc R Nc Punct
Nc Vpp Punct Np Punct Punct Np Punct R Nc R Punct Hm Punct
Np Punct Punct Np Punct Vxi Vpp Nc R Nc R Nc R Nc R Np Punct Vpp Nc Punct Punct Vnp Dm R Af Nc Punct
Mo Nc Vxi Am Nc Punct Mc Nc Punct R Af Nc Punct
Nc Vxi Vpp Pd Nc Vpi Nc R Punct Np Punct Punct
Am Nc R Punct Hm Punct Vpp Am Nc R Np Dq Md Punct Np Punct Np Punct Tx Vxi Nc R Mo Nc Punct
Nc R Np Cp Np Hm Vpp R Nc R Punct Hm Punct Np Punct Np Punct Punct Np Punct Punct
Vpp Dq Ti Vni Tx Pp Vpp
Punct Tn Vpp Nc Ps Nc Punct
Punct An Vxi Tx Tn Pp Vpp Nc R Nc Punct Pr Vpp R Nc R Punct Np Punct Punct
Dq Dt R Pd Nc R Nc Vni A Nc
Punct Vpp Pp Punct
Am Nc
Punct Vpp Vxi Vpp Nc R Np Vpp Nc Punct
Punct Vpi Tx Pp Vpp A Nc Punct
R Am Nc Vxi Am Nc R Punct Np Punct Np Punct Pr Vpp R Nc R Af Nc Punct Np Punct Punct
R Nc Pp Vpp R Nc R Nc Punct
Punct Nc Hm Punct Am Ti Vxi R Nc Punct
Punct Dq Punct
Vpi Pc Nc Punct Cs R A Nc R Np Punct
Punct Vpp Nc Vxi Np Punct Punct Np Punct Punct
Pi R Mc Nc Vxi Vpp R Pp Punct
Punct Np Punct Vxi Nc R Punct Np Punct Punct
Punct Vpp R Nc Pp Vpi R Af Nc R Nc R Pp Punct
Punct Pp Tx Pp Vxi Nc Punct
Punct Dt Pp Vpp Punct Cs R Nc Tx Vpi Am Nc R Np Punct
Punct Vni Tx Vpi Nc Punct Cs Dt Pp Vpp R Nc Punct
Punct Nc R Af Nc Vpp Ps Nc R Np Punct
Pd Vpi Ti Punct Cs Tx Vpp Cp A Nc R Np Punct
Dt Vxi Vpp Punct Cs Nc Vni Tx Vxi Vpp R A Nc Punct Tx Vpi Punct
Pd Vni Pn An R Nc Punct Pr Vpi Np Punct
Punct Pi Tx Vpp Nc Pd Nc Punct
Punct Nc Vxi Tx Vpi Nc Tn Dd R A Nc Punct Cp Cp R Af Nc Punct
Mc Nc R Np Vpi Nc
Mc Nc R Am Nc R Np R Nc Tx Vpp Nc Ps A Nc R Nc R Nc Cp Nc Punct
Dd Nc R Np Vpp Nc Cp Nc Tx Vpp R Nc Punct
Pd Nc Pp Vpi Cp Nc R Punct Np Punct Punct Pr R Nc Vpp Nc Ps R Punct Np Punct Punct Np Punct R Nc Punct Np Punct R Mc R Mc Punct
Nc Np
Vpp Pp Nc
Nc Pp Tx Vpp Am Am Nc Cp Tx Pp Vpi R Nc Cp Nc Ps Punct
R Nc Pp Vpp R Af Punct Np Punct Np Cp Nc Punct Cs Pp Vpi Tx Vpp Nc Ps Nc R Nc Punct
Tn Pp Vpp Punct Cs Nc Pp Vpp R Nc Punct Dm Pp Vpp Cp Dd Vpi Nc Ps Nc Punct
Cs Nc R Pp Vxi Vpp Cp Nc R Nc Cp Nc Punct Pp Tx Vpp Nc R Nc Punct Nc Ps Nc Cp Nc Dt Tx Pp Vpp R Nc Punct Np Cp A Nc Punct
Dd Tx Vpp Punct Cs Vxi Dd Punct Cc Vni Tx Vpi Nc Tx Vpi Nc Ps R Ps Nc Punct
R Af Nc Nc Dd Vni Tx Vyp R Nc Ps Punct Cp R Pd Nc Np Cp Nc Ps Dt Tx Vxi Pp Vpp R Af Nc Punct Vpp An Ps Nc Cp Nc Punct Cp Te Cp R Pp Pp Tx Vpi Ps A Nc R Nc R Pp Am Nc Punct
Am Nc Ps R Pp Punct Cs Pp Vpp Cp R A Ps Nc R Nc Cp A Nc R Nc Punct Cp R Nc Ps Nc Punct Cs Pp Vpi Tx Pp Vpp R Nc Cp An Ps Nc Punct
Cs Pp Vpi A Punct Dm Tx Pp Vpp R Nc Ps Nc Cp R Af Nc Ps Nc Punct
Nc Dd Tx Pp Vpp Punct Cs Pd Am Nc Pp Vpi R Af Af Nc Punct Cs Vpp Nc R Pp Vpp Nc Punct
R Nc R Nc Tn Vxi Vpp Tx Vpi An Nc R Nc R Nc Cp Nc R Vpi R Am Nc Punct
R Nc R Af Af Nc Cp R Nc R Nc Tx Vpp An An Nc R Nc R R Mc Nc R Nc Punct Np Punct Punct
Dm Vxi Tx Pp Vpi Cp A Nc R Nc R Nc R Nc Punct R Pr Vxi Vpp Am Nc Cp Nc R Nc Punct
Nc Vxi Af Punct Cs Am Nc R Nc Ps Vni Dt Nc Mc Nc Punct
Am Nc Vxi Vpp R Nc Ps A Nc Cp Nc Punct Vpi A Nc R Nc R Nc Ps Nc R Af Af Nc Punct
Nc Punct Pr Vxi Vpp R Mc Nc Nc Punct Cp Af Ps Nc Vni Tx Pp Vpp R Mc Nc Punct
Nc R Nc Vxi Vpp R Af Nc R Af Nc Punct Cs Vpp Nc Punct Nc R Nc R Mo Ps Nc Np Punct Dt Vpi Mc Nc Nc R Nc Punct
Nc Tn Vpi Tx Pp Vpp Punct Cs Ps Nc Vni Tx Vxi An Nc Punct
R Af Nc Vxi Vpp R Nc R Nc Punct
Punct Vpp Nc R Nc Punct
Punct Vpp Nc R Af Nc Punct
Am Nc R Nc R Nc
Am Nc Vpi Tx Pp Vpi Dd Nc R Nc R Nc Punct Np Punct
Vpi Tx Pp Vpi R Nc Ps R A Nc Punct Vpp R Nc Punct
Nc R Nc Punct Pr Vpi Cp R Nc R Nc Punct Vpi Tx Vpp Nc Punct Np Punct Punct Vpi Nc Punct Np Punct Punct
R Mc A Nc Pp Vpp R Nc Ps R Nc Cp Nc Punct
Nc Vni A A A Nc
Am Am Nc Punct Pr An Nc Vpp R Mo Nc Punct Vpi A A A Nc Punct Vpp Np Punct
Pc R Nc R Nc Vxi R An Nc Cp Vxi Vpp R Af Nc R Nc Punct
R Pc Ps Nc Pp Pp Vpp R Nc Cp Nc R Af Nc R Af Nc R Af Nc Punct
Dt Nc R Af Nc Vxi Vpp R Nc Ps R Nc R Nc R Af Nc Punct
Am Nc Vpi Nc R Af Nc
Nc R Nc R Af Nc R Nc R Mo Nc Vpi Punct Cs R Nc R Af Nc Pp Vpi Nc Punct Cs Nc Vpi Nc R Nc Punct
Nc R Nc Nc A
Nc Nc A Cp A Punct Pr Tn Vxi Vpi A Nc R Md Nc Punct Tx Vpp Nc Ps Punct Vpp Np Dt Punct
Dq Tn Vxi Vpp A Nc R R Mo Nc Cp A Nc R Nc R Nc Vpi Nc Punct Vpp Dq R Np Punct
Nc Vxi Punct Cs An Nc Pp Vpi R Nc R Af Nc Punct Pr Tx Vpp Nc R Nc Punct
Am Nc Vpi R Af Nc R Nc
Am Nc R Nc Mo Nc Nc Vpi R Af Nc R Af Nc R Nc Punct Vpi Nc Punct
Nc Vpp Dt Nc R Np R Mo Nc Punct
Nc R Nc Vxi Nc R Nc Cp R Af Nc Vpi Tx Pp Vpp A A A Nc Punct Vpi R Nc Punct
Am Nc R Am Am Mc Nc
Am Nc Punct Np Punct R Af Nc Punct Nc R Punct Np Punct Punct Vpp Nc R Dt Punct Vpp Am Nc R Nc Vpp Dt Punct
Am Nc Vpp Nc R Af Nc Vpi Nc Cp Dq Pp Vpp Punct
Nc R Nc Vxi R Nc R Nc Np Punct R Nc Np Punct
Am Am Am Nc R Nc Punct
Am Nc R Nc R Af Nc R Nc R Af Nc Vni A Nc R Nc Punct
R Nc Vpi Cp A Nc Np Punct Np Punct Np Punct
Am Nc Dt Vxi Pi Tx Pp Vpp Md Nc R Nc R Af Nc Punct
Pd Vpp Nc R Nc R A Nc Punct Np Punct R Pp Vpp R Nc Np Hm R Nc Ps Dt Punct
Dt Vxi Dm Np Tx Vpp Nc R Af Af Nc R Vpi Nc R Np Punct Vpp Te Nc Punct
Pd Tx Vpp R Nc R Af Nc R Nc Ps Cp Tx Vyp Am Nc R Nc Punct Vpp Nc Punct
Nc Punct Np Punct R Nc Punct Np Punct Vni Pn An R Af Nc R Af Nc Punct Np Punct Punct
Pd Vpp Dt Nc R Punct Am Am Nc Punct Np Punct R Pr Nc Pp Vpi A A Nc R Pp Punct
Nc Vxi Vpp Nc R Punct Np Punct R Punct Np Punct Punct Cs R Nc Ps Tn Vxi Vpp Am Nc Punct Vpp R Am Nc R Af Nc Punct
Dm Punct Np Punct Vpi Dd Nc R Np Punct Vpp Nc Punct
Punct Np Punct Vpp R Af Nc Vpi Nc Punct R Pr Vpi Punct Np Punct Cs Nc Punct
Am Nc Vpp A Nc Cp Dq Vpp Tx Vpi
Af Nc Vpp Punct Cs R Af Nc R Mo Nc Nc Vxi Vxi Dq Af Nc Punct
R Mo Nc Pp Tn Vni Dd Nc Punct R Cs Vxi Af R Nc R Nc R Nc Punct
Np Hm Te Vpi Punct Cs Pd Nc R Nc Vxi Vni Tx Vxi An R Nc R Nc Punct
Cs Vpp Nc R Nc Vxi R Nc R Nc Punct
R Af Nc Pp Vpp An Nc Punct Vpi Md Nc R Nc Punct Nc Pp Vpp A Nc Cp Vpi Md R Nc Punct
Pd Dd Vxi Dd R Nc
Am Nc Nc R Pp Vxi Vpp R Dq An Nc R Nc Cp Nc R Nc Punct
Nc Pp Cp Nc Punct Cp Nc Punct Cp Nc Tn Vpi Pn R Nc R An An Nc Punct

Nc
R A A Nc R Af Nc Vpi Nc R Nc Punct
Nc Pp Vpp Cp R Nc Punct Pr Vxi Vpp R Nc Punct
Cp Cs R Nc R Nc Mc Nc Pp Vpi Md R Mc Nc Punct R Nc R Mo Nc Pp Dt Pp Vpi R Af Nc Punct Cs R Nc Vni Nc Cp R Af Nc Punct
Md Nc Cp Nc Punct Pr Vpi Punct Pp Vpi R Nc Punct Pd Nc R A Nc Pp Vpp Dm R Nc R Nc Punct
Am Nc
Am Nc Vpi Af Af Nc R Mc Nc Dl Punct
R A Nc Nc Pp Vpp R Af Nc R Nc Punct Vpp Nc Punct Punct Pr Vpi Cp R Nc R Af Nc R Pp Punct
Nc R Mc Nc Vxi R R Mc Nc Punct
Nc Punct Nc Punct Nc
R Af Nc R Nc R Nc R Nc R Nc R Af Af Nc Punct Af Nc Cp A Nc Punct R Af Nc Tn Pp Vpp Punct
Am Nc Vxi Vpp Punct Nc Pp Vpi Punct Te Cp R Am Nc Nc Vni Punct
R Nc R Nc Vpp Cp Nc R Nc R Nc Cp Nc R Af Nc Punct
R Cp R Md Punct Vpp Nc Punct Cp Cp Pd Nc R Nc Af Nc Vpi Dm Dl Punct
Nc Vpp Nc R Nc R Nc Ps Punct
Nc R Nc Dm Pp Vpp Cp Nc R Pc Nc Cp A Nc Punct
Nc R Pf Nc Np Punct Cs Vpi Tx Vpp Nc R Nc Punct Cc Pd Tn Pp Vpp Punct
Dt Pp Vpp Punct Cs Pd Nc Tx Vyp Vpp R Nc Punct Cc R Pd Dt Pn Tn Vpi Punct
Am Nc Cp Af Af Af Nc Ps R Nc Ps Nc Punct
Af Nc Vpi Tx Tn Vxi Nc Vxi Dm Vpp Nc R Nc Punct Np Punct Np Punct Nc Cp Nc Punct
Nc R Nc Vpp Dl Mc Nc R Nc Punct R Af Nc Vpi Nc R Nc R Nc R Nc R Nc R R Mc Nc Dt Punct
R Nc Ps Mo Nc Nc Vxi Vpp Tx Vpp Cp Nc R Nc Punct Nc Punct Vpp R Nc Punct Nc Punct Vpp Nc Punct Np Punct
Cp Pd Vxi Dm Punct Cs Af Nc Vxi Dq R Af Nc Punct
Nc Ps Nc R Af Nc
Am Am Nc Vpi R Af Af Nc R Af Nc Cp Af Np Punct Dd Cp R Np Punct
R A Mc Nc Nc R Nc R A Cp A Nc Pp Vxi Vpp R Af Nc Punct
Nc Vpp A A Nc Punct Np Punct Punct Vpp R Nc Np Punct
Nc R Nc Vxi R An Nc Punct Vpp R Nc Punct Punct
R Nc R Nc Pp Vpp Punct Cs Vpi Nc R Nc Punct
Am Nc Vpi Nc Dd Vpi R Nc Nc R Pc Vpp Nc R Nc Nc Np Punct
Nc Vxi Vpp Punct R Pr Vpi Md A Nc Punct
Dq Af Nc R Nc Mc A Nc Vpi Punct Cs Np Vxi Nc R Pp Punct
R Af Nc Nc Vpi R Nc R Nc Punct
Am Nc Te Vpi Punct Cs Nc Vxi Pd Punct Pr Vpi Nc Punct
Dd Vpi Nc Vxi Pd Punct Pr Vpi Punct Cs Nc Vxi Am Nc Punct
Dq Mc Nc Vpi Punct Cs Vpp Nc R Nc Punct
R Nc R Nc Vpi Nc Tn Vxi Vpi Te Nc Tx Pp Vpp R Am Ps Nc Punct
R Af Nc An Nc Punct Pr Vni Tx Vpi Nc Punct Vxi Tx Tn Vpi R Nc Ps Nc Punct
Am Nc R Nc R Nc Ps R Np
Am Nc R Mc Nc
Nc Cp Am Nc R Np Np Hm Vxi Vpp R Nc Np R Nc Nc Punct Vpp Np Punct
Am Nc Cp Nc R Af Nc Vxi Vpp R Mc Nc R Nc Ps R Nc Punct Np Punct Punct
Pp Vxi Vpp R Mc Nc R Nc Punct Np Punct Punct
Mc R Pp Vxi Vpp R Nc Punct
Am Nc R Nc Punct
Am Nc Pp Pp Vxi Vpp R Np Punct R Pd Vpi R Np Punct
R A Nc Np Vpi Md Am Nc Punct
Pp Vpp Nc R Af Af Np Punct
Vni Pp Punct Cs Vni Nc R Af Nc R Np Cp Nc Punct
Nc Punct Np Punct Vxi Nc R Af Nc Punct Np Punct Punct
Vni Pp Punct Cs Nc R Nc Vni Tx Vxi Vpp Nc R Nc Punct
R Np Punct Np Dd Vpp A Nc R Nc Punct
Nc Vpi A Nc Punct Nc R Np Punct Cp A Nc Punct Nc R Np Punct
Nc Ps Nc R Nc R Np Punct
Nc Vpi A Nc Cp Nc
Nc Vpi A Nc Cp Nc R Np Dt Punct Vpp Np Punct
Nc Nc R Nc R Nc Mc R Nc Punct Vpp Nc Punct R Af Nc Punct
Nc Cp Nc Vni Punct
Nc Vxi Vpp R Nc R Af Af Nc R Nc Punct Np Punct Cp A Nc Punct Np Punct Punct
Nc R An An Nc Vxi Vpp Nc Punct
R Mc Nc Pp Vpp R Nc Nc R Pp R Nc R Nc Punct
Tn Vxi Vpi Nc
Punct Vpp Nc R Punct Np Punct Punct
Am Nc R Nc R Nc
Pc Nc R Nc R Nc R Nc Tx Vyp Vpp R Nc R Am Am Nc Punct Vpp Nc Ps Nc Punct
Nc Vxi Nc R Np Punct Cs Dm Vxi Vxi Vpp R Nc Np Punct
Nc Vxi Vpp Tx Pp Vpp Pi Pp Vpp Nc R Af Nc Punct Np Punct
Pd Vxi R Nc Punct Cs Vpp Am Nc Vpp R Af Nc R Nc Punct
Cs Tn Pp Vpp Np R Nc Punct Vpi Nc R Af Nc
R Af Nc Nc Ps Nc Vpi R Af Af Nc Punct
I Punct Pf Vpi Tx Vxi Pp Vpp Punct
Md A Nc Dd Nc Cp Af Nc R Nc R Nc Cp Nc R Af Nc R Af Nc Punct
A Nc Vni Tx Vpp R Nc Punct
Cs R An Ps A Nc Vpi Dm Cp R Af Nc Punct
Pd Cp Pd R Mc Nc Dt Punct Pr Vpi An Nc Pp Vpi Punct Np Vxi Am Tx Pp Vpp Punct
R Pd Pd Pd A Nc Tx Vpi Nc Punct Np Cp Nc R Nc Punct Cs Vni Nc R Af Nc Punct
Cp Nc Ps R Pp Vxi Af Nc R Af Nc Punct Vpp Nc Punct Vpp Nc Cp Nc R Nc R Pf Nc Punct
Vni Pi Tx Pp Vpi Pd Pi R Nc R Nc Punct Pr Mc Nc Vpi Nc Punct Vpi Pd Punct Pr Tn Dq Tn Vxi Vpp R An Nc Punct
Pf Tx Vpi R Af Nc R Nc Np Hm Punct Nc R Nc Punct Np Hm Punct Np Hm Punct Vpp Pp R Nc Ps Nc Punct R Pr Vpi Punct Nc R Nc Punct Punct Punct Np Hm Punct Np Hm Punct Np Punct Np Hm Punct Np Hm Punct Vpp Nc Punct
Am Nc R Pd Nc Vxi Vpp Punct Np Punct Punct Np Hm Punct Np Punct Punct Np Punct Np Punct Punct Np Punct Np Punct Punct
R Af Nc R Nc Ps R Nc Pp Vpp Cp Nc Punct Pr Te Vxi Vpp R Af Nc Vpi Nc Nc Np Hm Punct Vpp Nc Np Hm Punct Nc Am Nc Np Punct Np Punct
Pf An Nc Cp A Nc Dq Dt Pp Vpp Punct
Am Nc Cp Nc Vpi Dm Pp Vpp Nc R Nc R A Nc Punct R Pr Vpp An An An Nc Punct
Vpi Dd Vpi A Nc R Nc Nc R Af Nc Punct Vpp R Af Nc Punct Cs Tn Pp Vpp Punct Vni Tx Vpp Punct Nc Ps Punct Punct
R Nc Pp Vpp Cp Nc Punct
Pp Nc Dm Vpi R Af Af Nc Punct Pr Tm Dm Vpp Punct Pr Pp Vpi A Nc R Nc R Nc Cp Nc Punct
Nc Punct Vpp R Nc Vpi A Nc Punct Pp Vpi Nc R Nc R Nc Punct
Cc R Nc Dd Vpi A Nc Punct Cs Dq Vpi Pd Dm Pp Vpp Punct Cs Vpp Nc R Nc Pp Nc Punct Cs Pp Vpp Cp Nc Punct
Am Nc Nc Vpi Nc R Np Punct Vpp R Af Af Nc Punct Vpp R Nc Cp Nc R Nc R Af Nc R Nc R Nc R Nc Te Vpp R An Nc R Nc Ps Nc Punct
R Nc R Af Nc Pp Vpp An Ps Nc R Af Nc Punct
Nc R Nc Nc R A A Nc Nc R Np Vpp Pd Punct
Nc R Nc Punct Pr Vpi Nc Punct R Nc Punct Np Punct Punct Vxi Dq An Punct Cp Pd Nc Vpi Punct
Nc Pp A Nc Punct
Vni Cp A Nc Punct
Cp Pp Vxi Pd Punct Pr Vpi Nc Dt Punct
Pd Pf Punct Np Punct Pp Vpp R Nc Cp Nc Ps Nc Punct
Pp Pp Vpp Punct Vpp Pp R Nc Cp Vpp Tx Pp Vpp Punct
Cs Pp Vpp Nc Punct Tx Pp Vpp Nc
Punct Vpp Pd Am Nc Punct
Am Nc Dd Vxi Vpp R Af Nc R Np Np Hm R Np Punct Pr Vpi Tx Vpi An Nc Punct
Dd R Nc Np Punct R Pr Pp Vpp R Punct Np Punct Punct
Pd Dd Nc Tn Pp Vpi R A Nc Punct Pr Vpi Nc Ps Pp R Nc Punct Pp R Af Nc Punct Cs Nc Vpi Tx Vpp Am Nc Np Punct
Cp Pd Pc Vxi Dm Punct Pr Vpi Nc Punct Pp Vpi Nc R Nc Punct
Cp Cs Nc Vxi Nc Tn Dq R Nc Punct Cp R Af Nc Punct Pp Vxi Vpp Pp Punct
